0 info it worked if it ends with ok
1 verbose cli [ '/usr/local/bin/node',
1 verbose cli   '/usr/local/bin/npm',
1 verbose cli   'install',
1 verbose cli   '-grunt',
1 verbose cli   '-cli' ]
2 info using npm@1.4.14
3 info using node@v0.10.29
4 verbose node symlink /usr/local/bin/node
5 error install Couldn't read dependencies
6 error package.json ENOENT, open '/Users/x/workspace/projects/static_projects/ykb/package.json'
6 error package.json This is most likely not a problem with npm itself.
6 error package.json npm can't find a package.json file in your current directory.
7 error System Darwin 13.3.0
8 error command "/usr/local/bin/node" "/usr/local/bin/npm" "install" "-grunt" "-cli"
9 error cwd /Users/x/workspace/projects/static_projects/ykb
10 error node -v v0.10.29
11 error npm -v 1.4.14
12 error path /Users/x/workspace/projects/static_projects/ykb/package.json
13 error code ENOPACKAGEJSON
14 error errno 34
15 verbose exit [ 34, true ]
